<?xml version="1.0" encoding="UTF-8"?>
<!-- Generated by org.testng.reporters.JUnitXMLReporter -->
<testsuite ignored="1" hostname="DESKTOP-COV537M" failures="0" tests="5" name="Surefire test" time="0.934" errors="0" timestamp="2024-09-16T10:27:50 IST">
  <testcase classname="Testclass.copy.LoginTest" name="LoginPageTest" time="0.838"/>
  <testcase classname="testNGcode.IgnoreTest" name="TC002" time="0.001"/>
  <testcase classname="testNGcode.IgnoreTest" name="TC003" time="0.001"/>
  <testcase classname="testNGcode.IgnoreTest" name="TC004" time="0.001"/>
  <testcase classname="testNGcode.IgnoreTest" name="TC005" time="0.001"/>
  <testcase classname="testNGcode.IgnoreTest" name="TC001" time="0.0">
    <ignored/>
  </testcase> <!-- TC001 -->
</testsuite> <!-- Surefire test -->
