<?xml version="1.0" encoding="UTF-8"?>
<!-- Generated by org.testng.reporters.JUnitXMLReporter -->
<testsuite ignored="0" hostname="DESKTOP-COV537M" failures="0" tests="5" name="Default test" time="0.087" errors="0" timestamp="2024-09-16T10:25:34 IST">
  <testcase classname="testNGcode.Grouping2" name="TC_006" time="0.012"/>
  <testcase classname="testNGcode.Grouping2" name="TC_007" time="0.002"/>
  <testcase classname="testNGcode.Grouping2" name="TC_008" time="0.002"/>
  <testcase classname="testNGcode.Grouping2" name="TC_009" time="0.001"/>
  <testcase classname="testNGcode.Grouping2" name="TC_010" time="0.002"/>
</testsuite> <!-- Default test -->
