<?xml version="1.0" encoding="UTF-8"?>
<!-- Generated by org.testng.reporters.JUnitXMLReporter -->
<testsuite ignored="3" hostname="DESKTOP-COV537M" failures="0" tests="1" name="HYR" time="11.238" errors="0" timestamp="2024-07-30T21:50:15 IST">
  <testcase classname="testNGcode.NewIgnoreMixCode" name="Hyr_screenshot" time="5.656"/>
  <testcase classname="testNGcode.NewIgnoreMixCode" name="frame" time="0.0">
    <ignored/>
  </testcase> <!-- frame -->
  <testcase classname="testNGcode.NewIgnoreMixCode" name="login" time="0.0">
    <ignored/>
  </testcase> <!-- login -->
  <testcase classname="testNGcode.NewIgnoreMixCode" name="verify_login" time="0.0">
    <ignored/>
  </testcase> <!-- verify_login -->
</testsuite> <!-- HYR -->
