<?xml version="1.0" encoding="UTF-8"?>
<!-- Generated by org.testng.reporters.JUnitXMLReporter -->
<testsuite ignored="0" hostname="DESKTOP-COV537M" failures="1" tests="3" name="listener" time="14.402" errors="0" timestamp="2024-09-03T12:32:45 IST">
  <testcase classname="testNGcode.ListenerIntegrate" name="Test1" time="14.33"/>
  <testcase classname="testNGcode.ListenerIntegrate" name="skipped" time="0.001">
    <skipped/>
  </testcase> <!-- skipped -->
  <testcase classname="testNGcode.ListenerIntegrate" name="testfail" time="0.004">
    <failure type="java.lang.AssertionError" message="expected [true] but found [false]">
      <![CDATA[java.lang.AssertionError: expected [true] but found [false]
at testNGcode.ListenerIntegrate.testfail(ListenerIntegrate.java:33)
at java.base/java.util.ArrayList.forEach(ArrayList.java:1511)
... Removed 31 stack frames]]>
    </failure>
  </testcase> <!-- testfail -->
</testsuite> <!-- listener -->
