<?xml version="1.0" encoding="UTF-8"?>
<!-- Generated by org.testng.reporters.JUnitXMLReporter -->
<testsuite ignored="3" hostname="DESKTOP-COV537M" failures="0" tests="2" name="smoke test" time="0.072" errors="0" timestamp="2024-08-03T16:31:05 IST">
  <testcase classname="testNGcode.Grouping" name="TC_001" time="0.012"/>
  <testcase classname="testNGcode.Grouping" name="TC_002" time="0.002"/>
  <testcase classname="testNGcode.Grouping" name="TC_005" time="0.0">
    <ignored/>
  </testcase> <!-- TC_005 -->
  <testcase classname="testNGcode.Grouping" name="TC_004" time="0.0">
    <ignored/>
  </testcase> <!-- TC_004 -->
  <testcase classname="testNGcode.Grouping" name="TC_003" time="0.0">
    <ignored/>
  </testcase> <!-- TC_003 -->
</testsuite> <!-- smoke test -->
