<?xml version="1.0" encoding="UTF-8"?>
<!-- Generated by org.testng.reporters.JUnitXMLReporter -->
<testsuite ignored="0" hostname="DESKTOP-COV537M" failures="0" tests="10" name="SmokeTest" time="0.132" errors="0" timestamp="2024-08-05T10:46:20 IST">
  <testcase classname="testNGcode.Grouping" name="TC_001" time="0.013"/>
  <testcase classname="testNGcode.Grouping" name="TC_003" time="0.003"/>
  <testcase classname="testNGcode.Grouping" name="TC_004" time="0.002"/>
  <testcase classname="testNGcode.Grouping" name="TC_005" time="0.002"/>
  <testcase classname="testNGcode.Grouping2" name="TC_006" time="0.003"/>
  <testcase classname="testNGcode.Grouping2" name="TC_008" time="0.002"/>
  <testcase classname="testNGcode.Grouping2" name="TC_009" time="0.006"/>
  <testcase classname="testNGcode.Grouping2" name="TC_010" time="0.002"/>
  <testcase classname="testNGcode.Grouping" name="TC_002" time="0.003"/>
  <testcase classname="testNGcode.Grouping2" name="TC_007" time="0.002"/>
</testsuite> <!-- SmokeTest -->
