<?xml version="1.0" encoding="UTF-8"?>
<!-- Generated by org.testng.reporters.JUnitXMLReporter -->
<testsuite ignored="4" hostname="DESKTOP-COV537M" failures="0" tests="1" name="Test 4" time="0.063" errors="0" timestamp="2024-08-05T10:35:38 IST">
  <testcase classname="testNGcode.Enabled" name="TC004" time="0.022"/>
  <testcase classname="testNGcode.Enabled" name="TC005" time="0.0">
    <ignored/>
  </testcase> <!-- TC005 -->
  <testcase classname="testNGcode.Enabled" name="TC003" time="0.0">
    <ignored/>
  </testcase> <!-- TC003 -->
  <testcase classname="testNGcode.Enabled" name="TC001" time="0.0">
    <ignored/>
  </testcase> <!-- TC001 -->
  <testcase classname="testNGcode.Enabled" name="TC002" time="0.0">
    <ignored/>
  </testcase> <!-- TC002 -->
</testsuite> <!-- Test 4 -->
