<?xml version="1.0" encoding="UTF-8"?>
<!-- Generated by org.testng.reporters.JUnitXMLReporter -->
<testsuite ignored="6" hostname="DESKTOP-COV537M" failures="0" tests="38" name="Test" time="6.991" errors="0" timestamp="2024-09-16T10:25:56 IST">
  <testcase classname="testNGcode.Prioritization" name="Book" time="0.008"/>
  <testcase classname="testNGcode.Prioritization" name="Sign" time="0.002"/>
  <testcase classname="testNGcode.Prioritization" name="Search" time="0.007"/>
  <testcase classname="testNGcode.Prioritization" name="Cancel" time="0.009"/>
  <testcase classname="testNGcode.Grouping" name="TC_001" time="0.002"/>
  <testcase classname="testNGcode.Grouping" name="TC_002" time="0.005"/>
  <testcase classname="testNGcode.Grouping" name="TC_003" time="0.005"/>
  <testcase classname="testNGcode.Grouping" name="TC_004" time="0.001"/>
  <testcase classname="testNGcode.Grouping" name="TC_005" time="0.002"/>
  <testcase classname="testNGcode.LogIn" name="login1" time="3.646"/>
  <testcase classname="testNGcode.LogIn" name="verify" time="0.07"/>
  <testcase classname="testNGcode.Prioritization2" name="Book" time="0.001"/>
  <testcase classname="testNGcode.Prioritization2" name="Cancel" time="0.001"/>
  <testcase classname="testNGcode.Prioritization2" name="Search" time="0.001"/>
  <testcase classname="testNGcode.Prioritization2" name="Sign" time="0.001"/>
  <testcase classname="testNGcode.Enabled" name="TC001" time="0.002"/>
  <testcase classname="testNGcode.Enabled" name="TC004" time="0.001"/>
  <testcase classname="testNGcode.Enabled" name="TC005" time="0.001"/>
  <testcase classname="testNGcode.TwoDdataprovider" name="run" time="0.0"/>
  <testcase classname="testNGcode.TwoDdataprovider" name="run" time="0.0"/>
  <testcase classname="testNGcode.TwoDdataprovider" name="run" time="0.002"/>
  <testcase classname="testNGcode.TwoDdataprovider" name="run" time="0.001"/>
  <testcase classname="testNGcode.TwoDdataprovider" name="run1" time="0.004"/>
  <testcase classname="testNGcode.TwoDdataprovider" name="run1" time="0.001"/>
  <testcase classname="testNGcode.TwoDdataprovider" name="run1" time="0.001"/>
  <testcase classname="testNGcode.TwoDdataprovider" name="run1" time="0.001"/>
  <testcase classname="testNGcode.IgnoreTest" name="TC002" time="0.001"/>
  <testcase classname="testNGcode.IgnoreTest" name="TC003" time="0.0"/>
  <testcase classname="testNGcode.IgnoreTest" name="TC004" time="0.002"/>
  <testcase classname="testNGcode.IgnoreTest" name="TC005" time="0.001"/>
  <testcase classname="testNGcode.DataProvider1" name="Run" time="0.001"/>
  <testcase classname="testNGcode.DataProvider1" name="Run" time="0.006"/>
  <testcase classname="testNGcode.DataProvider1" name="Run" time="0.001"/>
  <testcase classname="testNGcode.DataProvider1" name="run" time="0.001"/>
  <testcase classname="testNGcode.DataProvider1" name="run" time="0.0"/>
  <testcase classname="testNGcode.DataProvider1" name="run" time="0.001"/>
  <testcase classname="testNGcode.DataProvider1" name="run" time="0.001"/>
  <testcase classname="testNGcode.DataProvider1" name="run" time="0.0"/>
  <testcase classname="testNGcode.IgnoreTest2" name="TC006" time="0.0">
    <ignored/>
  </testcase> <!-- TC006 -->
  <testcase classname="testNGcode.Enabled" name="TC003" time="0.0">
    <ignored/>
  </testcase> <!-- TC003 -->
  <testcase classname="testNGcode.IgnoreTest2" name="TC0010" time="0.0">
    <ignored/>
  </testcase> <!-- TC0010 -->
  <testcase classname="testNGcode.IgnoreTest2" name="TC009" time="0.0">
    <ignored/>
  </testcase> <!-- TC009 -->
  <testcase classname="testNGcode.IgnoreTest2" name="TC008" time="0.0">
    <ignored/>
  </testcase> <!-- TC008 -->
  <testcase classname="testNGcode.Enabled" name="TC002" time="0.0">
    <ignored/>
  </testcase> <!-- TC002 -->
</testsuite> <!-- Test -->
