<?xml version="1.0" encoding="UTF-8"?>
<testsuite xmlns:xsi="http://www.w3.org/2001/XMLSchema-instance" xsi:noNamespaceSchemaLocation="https://maven.apache.org/surefire/maven-surefire-plugin/xsd/surefire-test-report-3.0.xsd" version="3.0" name="TestSuite" time="19.339" tests="38" errors="0" skipped="0" failures="0">
  <properties>
[...]
</properties>
  <testcase name="Book" classname="testNGcode.Prioritization" time="0.004">
    <system-out><![CDATA[Book flight
]]></system-out>
    <system-err><![CDATA[SLF4J(W): No SLF4J providers were found.
SLF4J(W): Defaulting to no-operation (NOP) logger implementation
SLF4J(W): See https://www.slf4j.org/codes.html#noProviders for further details.
Sep 14, 2024 3:02:29 PM org.openqa.selenium.devtools.CdpVersionFinder findNearestMatch
WARNING: Unable to find an exact match for CDP version 128, returning the closest version; found: 125; Please update to a Selenium version that supports CDP version 128
]]></system-err>
  </testcase>
  <testcase name="Sign" classname="testNGcode.Prioritization" time="0.002">
    <system-out><![CDATA[Sign in successfully
]]></system-out>
  </testcase>
  <testcase name="Search" classname="testNGcode.Prioritization" time="0.003">
    <system-out><![CDATA[Search in successfully
]]></system-out>
  </testcase>
  <testcase name="Cancel" classname="testNGcode.Prioritization" time="0.004">
    <system-out><![CDATA[Cancel flight
]]></system-out>
  </testcase>
  <testcase name="TC_001" classname="testNGcode.Grouping" time="0.002">
    <system-out><![CDATA[Hello TC_001
]]></system-out>
  </testcase>
  <testcase name="TC_002" classname="testNGcode.Grouping" time="0.001">
    <system-out><![CDATA[Hello TC_002
]]></system-out>
  </testcase>
  <testcase name="TC_003" classname="testNGcode.Grouping" time="0.003">
    <system-out><![CDATA[Hello TC_003
]]></system-out>
  </testcase>
  <testcase name="TC_004" classname="testNGcode.Grouping" time="0.001">
    <system-out><![CDATA[Hello TC_004
]]></system-out>
  </testcase>
  <testcase name="TC_005" classname="testNGcode.Grouping" time="0.001">
    <system-out><![CDATA[Hello TC_005
]]></system-out>
  </testcase>
  <testcase name="login1" classname="testNGcode.LogIn" time="4.383"/>
  <testcase name="verify" classname="testNGcode.LogIn" time="0.055">
    <system-out><![CDATA[user Login 
]]></system-out>
  </testcase>
  <testcase name="Book" classname="testNGcode.Prioritization2" time="0.001">
    <system-out><![CDATA[Book flight
]]></system-out>
  </testcase>
  <testcase name="Cancel" classname="testNGcode.Prioritization2" time="0.005">
    <system-out><![CDATA[Cancel flight
]]></system-out>
  </testcase>
  <testcase name="Search" classname="testNGcode.Prioritization2" time="0.002">
    <system-out><![CDATA[Search in successfully
]]></system-out>
  </testcase>
  <testcase name="Sign" classname="testNGcode.Prioritization2" time="0.0">
    <system-out><![CDATA[Sign in successfully
]]></system-out>
  </testcase>
  <testcase name="TC001" classname="testNGcode.Enabled" time="0.001">
    <system-out><![CDATA[Inside TC_001
]]></system-out>
  </testcase>
  <testcase name="TC004" classname="testNGcode.Enabled" time="0.001">
    <system-out><![CDATA[Inside TC004
]]></system-out>
  </testcase>
  <testcase name="TC005" classname="testNGcode.Enabled" time="0.001">
    <system-out><![CDATA[Inside TC005
]]></system-out>
  </testcase>
  <testcase name="run[Manish, Chaudhary](1)" classname="testNGcode.TwoDdataprovider" time="0.003">
    <system-out><![CDATA[Manish::Chaudhary
]]></system-out>
  </testcase>
  <testcase name="run[Institute, IQ](2)" classname="testNGcode.TwoDdataprovider" time="0.003">
    <system-out><![CDATA[Institute::IQ
]]></system-out>
  </testcase>
  <testcase name="run[Batch, 34](3)" classname="testNGcode.TwoDdataprovider" time="0.001">
    <system-out><![CDATA[Batch::34
]]></system-out>
  </testcase>
  <testcase name="run[Timing, 9](4)" classname="testNGcode.TwoDdataprovider" time="0.001">
    <system-out><![CDATA[Timing::9
]]></system-out>
  </testcase>
  <testcase name="run1[Mohit, Chaudhary](1)" classname="testNGcode.TwoDdataprovider" time="0.001">
    <system-out><![CDATA[Mohit::Chaudhary
]]></system-out>
  </testcase>
  <testcase name="run1[Institute, IQ](2)" classname="testNGcode.TwoDdataprovider" time="0.001">
    <system-out><![CDATA[Institute::IQ
]]></system-out>
  </testcase>
  <testcase name="run1[Batch, 36](3)" classname="testNGcode.TwoDdataprovider" time="0.001">
    <system-out><![CDATA[Batch::36
]]></system-out>
  </testcase>
  <testcase name="run1[Timing, 11](4)" classname="testNGcode.TwoDdataprovider" time="0.001">
    <system-out><![CDATA[Timing::11
]]></system-out>
  </testcase>
  <testcase name="TC002" classname="testNGcode.IgnoreTest" time="0.001">
    <system-out><![CDATA[Inside TC002
]]></system-out>
  </testcase>
  <testcase name="TC003" classname="testNGcode.IgnoreTest" time="0.001">
    <system-out><![CDATA[Inside TC003
]]></system-out>
  </testcase>
  <testcase name="TC004" classname="testNGcode.IgnoreTest" time="0.002">
    <system-out><![CDATA[Inside TC004
]]></system-out>
  </testcase>
  <testcase name="TC005" classname="testNGcode.IgnoreTest" time="0.003">
    <system-out><![CDATA[Inside TC005
]]></system-out>
  </testcase>
  <testcase name="Run[Test](1)" classname="testNGcode.DataProvider1" time="0.002">
    <system-out><![CDATA[Test
]]></system-out>
  </testcase>
  <testcase name="Run[QA](2)" classname="testNGcode.DataProvider1" time="0.002">
    <system-out><![CDATA[QA
]]></system-out>
  </testcase>
  <testcase name="Run[Dev](3)" classname="testNGcode.DataProvider1" time="0.001">
    <system-out><![CDATA[Dev
]]></system-out>
  </testcase>
  <testcase name="run[Test](1)" classname="testNGcode.DataProvider1" time="0.0">
    <system-out><![CDATA[Test
]]></system-out>
  </testcase>
  <testcase name="run[123](2)" classname="testNGcode.DataProvider1" time="0.001">
    <system-out><![CDATA[123
]]></system-out>
  </testcase>
  <testcase name="run[1.3](3)" classname="testNGcode.DataProvider1" time="0.001">
    <system-out><![CDATA[1.3
]]></system-out>
  </testcase>
  <testcase name="run[T](4)" classname="testNGcode.DataProvider1" time="0.001">
    <system-out><![CDATA[T
]]></system-out>
  </testcase>
  <testcase name="run[F](5)" classname="testNGcode.DataProvider1" time="0.001">
    <system-out><![CDATA[F
]]></system-out>
  </testcase>
</testsuite>