<?xml version="1.0" encoding="UTF-8"?>
<testng-results ignored="0" total="2" passed="2" failed="0" skipped="0">
  <reporter-output>
  </reporter-output>
  <suite started-at="2024-09-07T22:05:09 IST" name="Default suite" finished-at="2024-09-07T22:05:16 IST" duration-ms="7336">
    <groups>
    </groups>
    <test started-at="2024-09-07T22:05:09 IST" name="Default test" finished-at="2024-09-07T22:05:16 IST" duration-ms="7336">
      <class name="log4j2.Logging">
        <test-method is-config="true" signature="init()[pri:0, instance:log4j2.Logging@65e61854]" started-at="2024-09-07T22:05:09 IST" name="init" finished-at="2024-09-07T22:05:12 IST" duration-ms="3143" status="PASS">
          <reporter-output>
          </reporter-output>
        </test-method> <!-- init -->
        <test-method signature="login1()[pri:0, instance:log4j2.Logging@65e61854]" started-at="2024-09-07T22:05:12 IST" name="login1" finished-at="2024-09-07T22:05:16 IST" duration-ms="4015" status="PASS">
          <reporter-output>
          </reporter-output>
        </test-method> <!-- login1 -->
        <test-method signature="verify()[pri:0, instance:log4j2.Logging@65e61854]" started-at="2024-09-07T22:05:16 IST" name="verify" finished-at="2024-09-07T22:05:16 IST" duration-ms="70" status="PASS">
          <reporter-output>
          </reporter-output>
        </test-method> <!-- verify -->
      </class> <!-- log4j2.Logging -->
    </test> <!-- Default test -->
  </suite> <!-- Default suite -->
</testng-results>
